2024-12-06T18:09:20.047+01:00  INFO 39896 --- [spring-kibana] [restartedMain] c.n.s.SpringKibanaApplication            : Starting SpringKibanaApplication using Java 17.0.7 with PID 39896 (C:\dev\kibana\spring-kibana\target\classes started by pradin in C:\dev\kibana\spring-kibana)
2024-12-06T18:09:20.048+01:00  INFO 39896 --- [spring-kibana] [restartedMain] c.n.s.SpringKibanaApplication            : No active profile set, falling back to 1 default profile: "default"
2024-12-06T18:09:20.354+01:00  INFO 39896 --- [spring-kibana] [restartedMain] o.s.b.w.embedded.tomcat.TomcatWebServer  : Tomcat initialized with port 8080 (http)
2024-12-06T18:09:20.357+01:00  INFO 39896 --- [spring-kibana] [restartedMain] o.apache.catalina.core.StandardService   : Starting service [Tomcat]
2024-12-06T18:09:20.359+01:00  INFO 39896 --- [spring-kibana] [restartedMain] o.apache.catalina.core.StandardEngine    : Starting Servlet engine: [Apache Tomcat/10.1.33]
2024-12-06T18:09:20.386+01:00  INFO 39896 --- [spring-kibana] [restartedMain] o.a.c.c.C.[Tomcat].[localhost].[/]       : Initializing Spring embedded WebApplicationContext
2024-12-06T18:09:20.387+01:00  INFO 39896 --- [spring-kibana] [restartedMain] w.s.c.ServletWebServerApplicationContext : Root WebApplicationContext: initialization completed in 334 ms
2024-12-06T18:09:20.477+01:00  INFO 39896 --- [spring-kibana] [restartedMain] o.s.b.d.a.OptionalLiveReloadServer       : LiveReload server is running on port 35729
2024-12-06T18:09:20.488+01:00  INFO 39896 --- [spring-kibana] [restartedMain] o.s.b.w.embedded.tomcat.TomcatWebServer  : Tomcat started on port 8080 (http) with context path '/'
2024-12-06T18:09:20.497+01:00  INFO 39896 --- [spring-kibana] [restartedMain] c.n.s.SpringKibanaApplication            : Started SpringKibanaApplication in 0.53 seconds (process running for 1031.335)
2024-12-06T18:09:20.504+01:00  INFO 39896 --- [spring-kibana] [restartedMain] .ConditionEvaluationDeltaLoggingListener : Condition evaluation unchanged
2024-12-06T18:09:38.182+01:00  INFO 39896 --- [spring-kibana] [File Watcher] rtingClassPathChangeChangedEventListener : Restarting due to 1 class path change (0 additions, 0 deletions, 1 modification)
2024-12-06T18:09:38.185+01:00  INFO 39896 --- [spring-kibana] [Thread-7] o.s.b.w.e.tomcat.GracefulShutdown        : Commencing graceful shutdown. Waiting for active requests to complete
2024-12-06T18:09:38.785+01:00  INFO 39896 --- [spring-kibana] [tomcat-shutdown] o.s.b.w.e.tomcat.GracefulShutdown        : Graceful shutdown complete
2024-12-06T18:09:38.867+01:00  INFO 39896 --- [spring-kibana] [restartedMain] c.n.s.SpringKibanaApplication            : Starting SpringKibanaApplication using Java 17.0.7 with PID 39896 (C:\dev\kibana\spring-kibana\target\classes started by pradin in C:\dev\kibana\spring-kibana)
2024-12-06T18:09:38.868+01:00  INFO 39896 --- [spring-kibana] [restartedMain] c.n.s.SpringKibanaApplication            : No active profile set, falling back to 1 default profile: "default"
2024-12-06T18:09:39.067+01:00  INFO 39896 --- [spring-kibana] [restartedMain] o.s.b.w.embedded.tomcat.TomcatWebServer  : Tomcat initialized with port 8080 (http)
2024-12-06T18:09:39.069+01:00  INFO 39896 --- [spring-kibana] [restartedMain] o.apache.catalina.core.StandardService   : Starting service [Tomcat]
2024-12-06T18:09:39.069+01:00  INFO 39896 --- [spring-kibana] [restartedMain] o.apache.catalina.core.StandardEngine    : Starting Servlet engine: [Apache Tomcat/10.1.33]
2024-12-06T18:09:39.087+01:00  INFO 39896 --- [spring-kibana] [restartedMain] o.a.c.c.C.[Tomcat].[localhost].[/]       : Initializing Spring embedded WebApplicationContext
2024-12-06T18:09:39.088+01:00  INFO 39896 --- [spring-kibana] [restartedMain] w.s.c.ServletWebServerApplicationContext : Root WebApplicationContext: initialization completed in 215 ms
2024-12-06T18:09:39.164+01:00  INFO 39896 --- [spring-kibana] [restartedMain] o.s.b.d.a.OptionalLiveReloadServer       : LiveReload server is running on port 35729
2024-12-06T18:09:39.175+01:00  INFO 39896 --- [spring-kibana] [restartedMain] o.s.b.w.embedded.tomcat.TomcatWebServer  : Tomcat started on port 8080 (http) with context path '/'
2024-12-06T18:09:39.181+01:00  INFO 39896 --- [spring-kibana] [restartedMain] c.n.s.SpringKibanaApplication            : Started SpringKibanaApplication in 0.352 seconds (process running for 1050.02)
2024-12-06T18:09:39.183+01:00  INFO 39896 --- [spring-kibana] [restartedMain] .ConditionEvaluationDeltaLoggingListener : Condition evaluation unchanged
2024-12-06T18:10:00.542+01:00  INFO 39896 --- [spring-kibana] [http-nio-8080-exec-1] o.a.c.c.C.[Tomcat].[localhost].[/]       : Initializing Spring DispatcherServlet 'dispatcherServlet'
2024-12-06T18:10:00.543+01:00  INFO 39896 --- [spring-kibana] [http-nio-8080-exec-1] o.s.web.servlet.DispatcherServlet        : Initializing Servlet 'dispatcherServlet'
2024-12-06T18:10:00.545+01:00  INFO 39896 --- [spring-kibana] [http-nio-8080-exec-1] o.s.web.servlet.DispatcherServlet        : Completed initialization in 1 ms
2024-12-06T18:10:00.609+01:00  INFO 39896 --- [spring-kibana] [http-nio-8080-exec-1] c.n.spring_kibana.HomeController         : HomeController [test] : test = 
2024-12-06T18:11:30.486+01:00  INFO 39896 --- [spring-kibana] [File Watcher] rtingClassPathChangeChangedEventListener : Restarting due to 1 class path change (0 additions, 0 deletions, 1 modification)
2024-12-06T18:11:30.488+01:00  INFO 39896 --- [spring-kibana] [Thread-11] o.s.b.w.e.tomcat.GracefulShutdown        : Commencing graceful shutdown. Waiting for active requests to complete
2024-12-06T18:11:30.933+01:00  INFO 39896 --- [spring-kibana] [tomcat-shutdown] o.s.b.w.e.tomcat.GracefulShutdown        : Graceful shutdown complete
2024-12-06T18:11:31.005+01:00  INFO 39896 --- [spring-kibana] [restartedMain] c.n.s.SpringKibanaApplication            : Starting SpringKibanaApplication using Java 17.0.7 with PID 39896 (C:\dev\kibana\spring-kibana\target\classes started by pradin in C:\dev\kibana\spring-kibana)
2024-12-06T18:11:31.006+01:00  INFO 39896 --- [spring-kibana] [restartedMain] c.n.s.SpringKibanaApplication            : No active profile set, falling back to 1 default profile: "default"
2024-12-06T18:11:31.153+01:00  INFO 39896 --- [spring-kibana] [restartedMain] o.s.b.w.embedded.tomcat.TomcatWebServer  : Tomcat initialized with port 8080 (http)
2024-12-06T18:11:31.155+01:00  INFO 39896 --- [spring-kibana] [restartedMain] o.apache.catalina.core.StandardService   : Starting service [Tomcat]
2024-12-06T18:11:31.155+01:00  INFO 39896 --- [spring-kibana] [restartedMain] o.apache.catalina.core.StandardEngine    : Starting Servlet engine: [Apache Tomcat/10.1.33]
2024-12-06T18:11:31.171+01:00  INFO 39896 --- [spring-kibana] [restartedMain] o.a.c.c.C.[Tomcat].[localhost].[/]       : Initializing Spring embedded WebApplicationContext
2024-12-06T18:11:31.172+01:00  INFO 39896 --- [spring-kibana] [restartedMain] w.s.c.ServletWebServerApplicationContext : Root WebApplicationContext: initialization completed in 164 ms
2024-12-06T18:11:31.219+01:00  INFO 39896 --- [spring-kibana] [restartedMain] o.s.b.d.a.OptionalLiveReloadServer       : LiveReload server is running on port 35729
2024-12-06T18:11:31.227+01:00  INFO 39896 --- [spring-kibana] [restartedMain] o.s.b.w.embedded.tomcat.TomcatWebServer  : Tomcat started on port 8080 (http) with context path '/'
2024-12-06T18:11:31.232+01:00  INFO 39896 --- [spring-kibana] [restartedMain] c.n.s.SpringKibanaApplication            : Started SpringKibanaApplication in 0.257 seconds (process running for 1162.07)
2024-12-06T18:11:31.234+01:00  INFO 39896 --- [spring-kibana] [restartedMain] .ConditionEvaluationDeltaLoggingListener : Condition evaluation unchanged
2024-12-06T18:11:47.941+01:00  INFO 39896 --- [spring-kibana] [File Watcher] rtingClassPathChangeChangedEventListener : Restarting due to 1 class path change (0 additions, 0 deletions, 1 modification)
2024-12-06T18:11:47.943+01:00  INFO 39896 --- [spring-kibana] [Thread-15] o.s.b.w.e.tomcat.GracefulShutdown        : Commencing graceful shutdown. Waiting for active requests to complete
2024-12-06T18:11:48.439+01:00  INFO 39896 --- [spring-kibana] [tomcat-shutdown] o.s.b.w.e.tomcat.GracefulShutdown        : Graceful shutdown complete
2024-12-06T18:11:48.512+01:00  INFO 39896 --- [spring-kibana] [restartedMain] c.n.s.SpringKibanaApplication            : Starting SpringKibanaApplication using Java 17.0.7 with PID 39896 (C:\dev\kibana\spring-kibana\target\classes started by pradin in C:\dev\kibana\spring-kibana)
2024-12-06T18:11:48.513+01:00  INFO 39896 --- [spring-kibana] [restartedMain] c.n.s.SpringKibanaApplication            : No active profile set, falling back to 1 default profile: "default"
2024-12-06T18:11:48.702+01:00  INFO 39896 --- [spring-kibana] [restartedMain] o.s.b.w.embedded.tomcat.TomcatWebServer  : Tomcat initialized with port 8080 (http)
2024-12-06T18:11:48.704+01:00  INFO 39896 --- [spring-kibana] [restartedMain] o.apache.catalina.core.StandardService   : Starting service [Tomcat]
2024-12-06T18:11:48.704+01:00  INFO 39896 --- [spring-kibana] [restartedMain] o.apache.catalina.core.StandardEngine    : Starting Servlet engine: [Apache Tomcat/10.1.33]
2024-12-06T18:11:48.718+01:00  INFO 39896 --- [spring-kibana] [restartedMain] o.a.c.c.C.[Tomcat].[localhost].[/]       : Initializing Spring embedded WebApplicationContext
2024-12-06T18:11:48.719+01:00  INFO 39896 --- [spring-kibana] [restartedMain] w.s.c.ServletWebServerApplicationContext : Root WebApplicationContext: initialization completed in 204 ms
2024-12-06T18:11:48.781+01:00  INFO 39896 --- [spring-kibana] [restartedMain] o.s.b.d.a.OptionalLiveReloadServer       : LiveReload server is running on port 35729
2024-12-06T18:11:48.790+01:00  INFO 39896 --- [spring-kibana] [restartedMain] o.s.b.w.embedded.tomcat.TomcatWebServer  : Tomcat started on port 8080 (http) with context path '/'
2024-12-06T18:11:48.795+01:00  INFO 39896 --- [spring-kibana] [restartedMain] c.n.s.SpringKibanaApplication            : Started SpringKibanaApplication in 0.311 seconds (process running for 1179.634)
2024-12-06T18:11:48.797+01:00  INFO 39896 --- [spring-kibana] [restartedMain] .ConditionEvaluationDeltaLoggingListener : Condition evaluation unchanged
2024-12-06T18:12:42.028+01:00  INFO 39896 --- [spring-kibana] [File Watcher] rtingClassPathChangeChangedEventListener : Restarting due to 1 class path change (1 addition, 0 deletions, 0 modifications)
2024-12-06T18:12:42.050+01:00  INFO 39896 --- [spring-kibana] [Thread-19] o.s.b.w.e.tomcat.GracefulShutdown        : Commencing graceful shutdown. Waiting for active requests to complete
2024-12-06T18:12:42.686+01:00  INFO 39896 --- [spring-kibana] [tomcat-shutdown] o.s.b.w.e.tomcat.GracefulShutdown        : Graceful shutdown complete
2024-12-06T18:12:42.763+01:00  INFO 39896 --- [spring-kibana] [restartedMain] c.n.s.SpringKibanaApplication            : Starting SpringKibanaApplication using Java 17.0.7 with PID 39896 (C:\dev\kibana\spring-kibana\target\classes started by pradin in C:\dev\kibana\spring-kibana)
2024-12-06T18:12:42.764+01:00  INFO 39896 --- [spring-kibana] [restartedMain] c.n.s.SpringKibanaApplication            : No active profile set, falling back to 1 default profile: "default"
2024-12-06T18:12:42.921+01:00  INFO 39896 --- [spring-kibana] [restartedMain] o.s.b.w.embedded.tomcat.TomcatWebServer  : Tomcat initialized with port 8080 (http)
2024-12-06T18:12:42.923+01:00  INFO 39896 --- [spring-kibana] [restartedMain] o.apache.catalina.core.StandardService   : Starting service [Tomcat]
2024-12-06T18:12:42.923+01:00  INFO 39896 --- [spring-kibana] [restartedMain] o.apache.catalina.core.StandardEngine    : Starting Servlet engine: [Apache Tomcat/10.1.33]
2024-12-06T18:12:42.940+01:00  INFO 39896 --- [spring-kibana] [restartedMain] o.a.c.c.C.[Tomcat].[localhost].[/]       : Initializing Spring embedded WebApplicationContext
2024-12-06T18:12:42.941+01:00  INFO 39896 --- [spring-kibana] [restartedMain] w.s.c.ServletWebServerApplicationContext : Root WebApplicationContext: initialization completed in 174 ms
2024-12-06T18:12:42.993+01:00  INFO 39896 --- [spring-kibana] [restartedMain] o.s.b.d.a.OptionalLiveReloadServer       : LiveReload server is running on port 35729
2024-12-06T18:12:43.002+01:00  INFO 39896 --- [spring-kibana] [restartedMain] o.s.b.w.embedded.tomcat.TomcatWebServer  : Tomcat started on port 8080 (http) with context path '/'
2024-12-06T18:12:43.008+01:00  INFO 39896 --- [spring-kibana] [restartedMain] c.n.s.SpringKibanaApplication            : Started SpringKibanaApplication in 0.281 seconds (process running for 1233.846)
2024-12-06T18:12:43.010+01:00  INFO 39896 --- [spring-kibana] [restartedMain] .ConditionEvaluationDeltaLoggingListener : Condition evaluation unchanged
2024-12-06T18:13:13.951+01:00  INFO 39896 --- [spring-kibana] [File Watcher] rtingClassPathChangeChangedEventListener : Restarting due to 1 class path change (0 additions, 0 deletions, 1 modification)
2024-12-06T18:13:13.953+01:00  INFO 39896 --- [spring-kibana] [Thread-23] o.s.b.w.e.tomcat.GracefulShutdown        : Commencing graceful shutdown. Waiting for active requests to complete
2024-12-06T18:13:14.589+01:00  INFO 39896 --- [spring-kibana] [tomcat-shutdown] o.s.b.w.e.tomcat.GracefulShutdown        : Graceful shutdown complete
2024-12-06T18:13:14.657+01:00  INFO 39896 --- [spring-kibana] [restartedMain] c.n.s.SpringKibanaApplication            : Starting SpringKibanaApplication using Java 17.0.7 with PID 39896 (C:\dev\kibana\spring-kibana\target\classes started by pradin in C:\dev\kibana\spring-kibana)
2024-12-06T18:13:14.658+01:00  INFO 39896 --- [spring-kibana] [restartedMain] c.n.s.SpringKibanaApplication            : No active profile set, falling back to 1 default profile: "default"
2024-12-06T18:13:14.825+01:00  INFO 39896 --- [spring-kibana] [restartedMain] o.s.b.w.embedded.tomcat.TomcatWebServer  : Tomcat initialized with port 8080 (http)
2024-12-06T18:13:14.827+01:00  INFO 39896 --- [spring-kibana] [restartedMain] o.apache.catalina.core.StandardService   : Starting service [Tomcat]
2024-12-06T18:13:14.827+01:00  INFO 39896 --- [spring-kibana] [restartedMain] o.apache.catalina.core.StandardEngine    : Starting Servlet engine: [Apache Tomcat/10.1.33]
2024-12-06T18:13:14.848+01:00  INFO 39896 --- [spring-kibana] [restartedMain] o.a.c.c.C.[Tomcat].[localhost].[/]       : Initializing Spring embedded WebApplicationContext
2024-12-06T18:13:14.849+01:00  INFO 39896 --- [spring-kibana] [restartedMain] w.s.c.ServletWebServerApplicationContext : Root WebApplicationContext: initialization completed in 190 ms
2024-12-06T18:13:14.918+01:00  INFO 39896 --- [spring-kibana] [restartedMain] o.s.b.d.a.OptionalLiveReloadServer       : LiveReload server is running on port 35729
2024-12-06T18:13:14.929+01:00  INFO 39896 --- [spring-kibana] [restartedMain] o.s.b.w.embedded.tomcat.TomcatWebServer  : Tomcat started on port 8080 (http) with context path '/'
2024-12-06T18:13:14.934+01:00  INFO 39896 --- [spring-kibana] [restartedMain] c.n.s.SpringKibanaApplication            : Started SpringKibanaApplication in 0.303 seconds (process running for 1265.773)
2024-12-06T18:13:14.936+01:00  INFO 39896 --- [spring-kibana] [restartedMain] .ConditionEvaluationDeltaLoggingListener : Condition evaluation unchanged
2024-12-06T18:13:27.527+01:00  INFO 39896 --- [spring-kibana] [File Watcher] rtingClassPathChangeChangedEventListener : Restarting due to 2 class path changes (1 addition, 1 deletion, 0 modifications)
2024-12-06T18:13:27.529+01:00  INFO 39896 --- [spring-kibana] [Thread-27] o.s.b.w.e.tomcat.GracefulShutdown        : Commencing graceful shutdown. Waiting for active requests to complete
2024-12-06T18:13:27.993+01:00  INFO 39896 --- [spring-kibana] [tomcat-shutdown] o.s.b.w.e.tomcat.GracefulShutdown        : Graceful shutdown complete
